<?xml version="1.0" encoding="UTF-8"?>
<testsuite xmlns:xsi="http://www.w3.org/2001/XMLSchema-instance" xsi:noNamespaceSchemaLocation="https://maven.apache.org/surefire/maven-surefire-plugin/xsd/surefire-test-report.xsd" name="cn.edu.ruc.TsbmWebApplicationTests" time="2.567" tests="1" errors="0" skipped="0" failures="0">
  <properties>
    <property name="gopherProxySet" value="false"/>
    <property name="awt.toolkit" value="sun.lwawt.macosx.LWCToolkit"/>
    <property name="file.encoding.pkg" value="sun.io"/>
    <property name="java.specification.version" value="1.8"/>
    <property name="sun.cpu.isalist" value=""/>
    <property name="sun.jnu.encoding" value="UTF-8"/>
    <property name="java.class.path" value="/Users/rainmaple/codeFiles/tsbm-web/target/test-classes:/Users/rainmaple/codeFiles/tsbm-web/target/classes:/Users/rainmaple/Downloads/source/mvn_repo/cn/edu/ruc/tsbm/0.0.1/tsbm-0.0.1.jar:/Users/rainmaple/Downloads/source/mvn_repo/org/apache/commons/commons-lang3/3.7/commons-lang3-3.7.jar:/Users/rainmaple/Downloads/source/mvn_repo/commons-beanutils/commons-beanutils/1.9.3/commons-beanutils-1.9.3.jar:/Users/rainmaple/Downloads/source/mvn_repo/commons-logging/commons-logging/1.2/commons-logging-1.2.jar:/Users/rainmaple/Downloads/source/mvn_repo/commons-collections/commons-collections/3.2.2/commons-collections-3.2.2.jar:/Users/rainmaple/Downloads/source/mvn_repo/com/alibaba/fastjson/1.2.31/fastjson-1.2.31.jar:/Users/rainmaple/Downloads/source/mvn_repo/commons-cli/commons-cli/1.4/commons-cli-1.4.jar:/Users/rainmaple/Downloads/source/mvn_repo/ch/qos/logback/logback-classic/1.2.3/logback-classic-1.2.3.jar:/Users/rainmaple/Downloads/source/mvn_repo/ch/qos/logback/logback-core/1.2.3/logback-core-1.2.3.jar:/Users/rainmaple/Downloads/source/mvn_repo/org/slf4j/slf4j-api/1.7.25/slf4j-api-1.7.25.jar:/Users/rainmaple/Downloads/source/mvn_repo/com/alibaba/druid/1.1.0/druid-1.1.0.jar:/Library/Java/JavaVirtualMachines/jdk1.8.0_181.jdk/Contents/Home/jre/../lib/jconsole.jar:/Library/Java/JavaVirtualMachines/jdk1.8.0_181.jdk/Contents/Home/jre/../lib/tools.jar:/Users/rainmaple/Downloads/source/mvn_repo/cn/edu/tsinghua/iotdb-jdbc/0.6.0/iotdb-jdbc-0.6.0.jar:/Users/rainmaple/Downloads/source/mvn_repo/cn/edu/tsinghua/tsfile/0.6.0/tsfile-0.6.0.jar:/Users/rainmaple/Downloads/source/mvn_repo/org/json/json/20140107/json-20140107.jar:/Users/rainmaple/Downloads/source/mvn_repo/org/apache/thrift/libthrift/0.9.1/libthrift-0.9.1.jar:/Users/rainmaple/Downloads/source/mvn_repo/org/xerial/snappy/snappy-java/1.0.5-M1/snappy-java-1.0.5-M1.jar:/Users/rainmaple/Downloads/source/mvn_repo/commons-io/commons-io/2.5/commons-io-2.5.jar:/Users/rainmaple/Downloads/source/mvn_repo/joda-time/joda-time/2.9.9/joda-time-2.9.9.jar:/Users/rainmaple/Downloads/source/mvn_repo/org/influxdb/influxdb-java/2.9/influxdb-java-2.9.jar:/Users/rainmaple/Downloads/source/mvn_repo/com/squareup/retrofit2/retrofit/2.3.0/retrofit-2.3.0.jar:/Users/rainmaple/Downloads/source/mvn_repo/com/squareup/retrofit2/converter-moshi/2.3.0/converter-moshi-2.3.0.jar:/Users/rainmaple/Downloads/source/mvn_repo/com/squareup/moshi/moshi/1.4.0/moshi-1.4.0.jar:/Users/rainmaple/Downloads/source/mvn_repo/com/squareup/okhttp3/okhttp/3.9.1/okhttp-3.9.1.jar:/Users/rainmaple/Downloads/source/mvn_repo/com/squareup/okio/okio/1.13.0/okio-1.13.0.jar:/Users/rainmaple/Downloads/source/mvn_repo/com/squareup/okhttp3/logging-interceptor/3.9.1/logging-interceptor-3.9.1.jar:/Users/rainmaple/Downloads/source/mvn_repo/com/github/kevinsawicki/http-request/6.0/http-request-6.0.jar:/Users/rainmaple/Downloads/source/mvn_repo/org/postgresql/postgresql/42.2.2/postgresql-42.2.2.jar:/Users/rainmaple/Downloads/source/mvn_repo/org/springframework/boot/spring-boot-starter-freemarker/2.0.1.RELEASE/spring-boot-starter-freemarker-2.0.1.RELEASE.jar:/Users/rainmaple/Downloads/source/mvn_repo/org/springframework/boot/spring-boot-starter/2.0.1.RELEASE/spring-boot-starter-2.0.1.RELEASE.jar:/Users/rainmaple/Downloads/source/mvn_repo/org/springframework/boot/spring-boot/2.0.1.RELEASE/spring-boot-2.0.1.RELEASE.jar:/Users/rainmaple/Downloads/source/mvn_repo/org/springframework/boot/spring-boot-autoconfigure/2.0.1.RELEASE/spring-boot-autoconfigure-2.0.1.RELEASE.jar:/Users/rainmaple/Downloads/source/mvn_repo/org/springframework/boot/spring-boot-starter-logging/2.0.1.RELEASE/spring-boot-starter-logging-2.0.1.RELEASE.jar:/Users/rainmaple/Downloads/source/mvn_repo/org/apache/logging/log4j/log4j-to-slf4j/2.10.0/log4j-to-slf4j-2.10.0.jar:/Users/rainmaple/Downloads/source/mvn_repo/org/apache/logging/log4j/log4j-api/2.10.0/log4j-api-2.10.0.jar:/Users/rainmaple/Downloads/source/mvn_repo/org/slf4j/jul-to-slf4j/1.7.25/jul-to-slf4j-1.7.25.jar:/Users/rainmaple/Downloads/source/mvn_repo/javax/annotation/javax.annotation-api/1.3.2/javax.annotation-api-1.3.2.jar:/Users/rainmaple/Downloads/source/mvn_repo/org/yaml/snakeyaml/1.19/snakeyaml-1.19.jar:/Users/rainmaple/Downloads/source/mvn_repo/org/freemarker/freemarker/2.3.28/freemarker-2.3.28.jar:/Users/rainmaple/Downloads/source/mvn_repo/org/springframework/spring-context-support/5.0.5.RELEASE/spring-context-support-5.0.5.RELEASE.jar:/Users/rainmaple/Downloads/source/mvn_repo/org/springframework/spring-beans/5.0.5.RELEASE/spring-beans-5.0.5.RELEASE.jar:/Users/rainmaple/Downloads/source/mvn_repo/org/springframework/spring-context/5.0.5.RELEASE/spring-context-5.0.5.RELEASE.jar:/Users/rainmaple/Downloads/source/mvn_repo/org/springframework/boot/spring-boot-starter-web/2.0.1.RELEASE/spring-boot-starter-web-2.0.1.RELEASE.jar:/Users/rainmaple/Downloads/source/mvn_repo/org/springframework/boot/spring-boot-starter-json/2.0.1.RELEASE/spring-boot-starter-json-2.0.1.RELEASE.jar:/Users/rainmaple/Downloads/source/mvn_repo/com/fasterxml/jackson/core/jackson-databind/2.9.5/jackson-databind-2.9.5.jar:/Users/rainmaple/Downloads/source/mvn_repo/com/fasterxml/jackson/core/jackson-annotations/2.9.0/jackson-annotations-2.9.0.jar:/Users/rainmaple/Downloads/source/mvn_repo/com/fasterxml/jackson/core/jackson-core/2.9.5/jackson-core-2.9.5.jar:/Users/rainmaple/Downloads/source/mvn_repo/com/fasterxml/jackson/datatype/jackson-datatype-jdk8/2.9.5/jackson-datatype-jdk8-2.9.5.jar:/Users/rainmaple/Downloads/source/mvn_repo/com/fasterxml/jackson/datatype/jackson-datatype-jsr310/2.9.5/jackson-datatype-jsr310-2.9.5.jar:/Users/rainmaple/Downloads/source/mvn_repo/com/fasterxml/jackson/module/jackson-module-parameter-names/2.9.5/jackson-module-parameter-names-2.9.5.jar:/Users/rainmaple/Downloads/source/mvn_repo/org/springframework/boot/spring-boot-starter-tomcat/2.0.1.RELEASE/spring-boot-starter-tomcat-2.0.1.RELEASE.jar:/Users/rainmaple/Downloads/source/mvn_repo/org/apache/tomcat/embed/tomcat-embed-core/8.5.29/tomcat-embed-core-8.5.29.jar:/Users/rainmaple/Downloads/source/mvn_repo/org/apache/tomcat/embed/tomcat-embed-el/8.5.29/tomcat-embed-el-8.5.29.jar:/Users/rainmaple/Downloads/source/mvn_repo/org/apache/tomcat/embed/tomcat-embed-websocket/8.5.29/tomcat-embed-websocket-8.5.29.jar:/Users/rainmaple/Downloads/source/mvn_repo/org/hibernate/validator/hibernate-validator/6.0.9.Final/hibernate-validator-6.0.9.Final.jar:/Users/rainmaple/Downloads/source/mvn_repo/javax/validation/validation-api/2.0.1.Final/validation-api-2.0.1.Final.jar:/Users/rainmaple/Downloads/source/mvn_repo/org/jboss/logging/jboss-logging/3.3.2.Final/jboss-logging-3.3.2.Final.jar:/Users/rainmaple/Downloads/source/mvn_repo/com/fasterxml/classmate/1.3.4/classmate-1.3.4.jar:/Users/rainmaple/Downloads/source/mvn_repo/org/springframework/spring-web/5.0.5.RELEASE/spring-web-5.0.5.RELEASE.jar:/Users/rainmaple/Downloads/source/mvn_repo/org/springframework/spring-webmvc/5.0.5.RELEASE/spring-webmvc-5.0.5.RELEASE.jar:/Users/rainmaple/Downloads/source/mvn_repo/org/springframework/spring-aop/5.0.5.RELEASE/spring-aop-5.0.5.RELEASE.jar:/Users/rainmaple/Downloads/source/mvn_repo/org/springframework/spring-expression/5.0.5.RELEASE/spring-expression-5.0.5.RELEASE.jar:/Users/rainmaple/Downloads/source/mvn_repo/org/mybatis/spring/boot/mybatis-spring-boot-starter/1.3.1/mybatis-spring-boot-starter-1.3.1.jar:/Users/rainmaple/Downloads/source/mvn_repo/org/springframework/boot/spring-boot-starter-jdbc/2.0.1.RELEASE/spring-boot-starter-jdbc-2.0.1.RELEASE.jar:/Users/rainmaple/Downloads/source/mvn_repo/com/zaxxer/HikariCP/2.7.8/HikariCP-2.7.8.jar:/Users/rainmaple/Downloads/source/mvn_repo/org/springframework/spring-jdbc/5.0.5.RELEASE/spring-jdbc-5.0.5.RELEASE.jar:/Users/rainmaple/Downloads/source/mvn_repo/org/springframework/spring-tx/5.0.5.RELEASE/spring-tx-5.0.5.RELEASE.jar:/Users/rainmaple/Downloads/source/mvn_repo/org/mybatis/spring/boot/mybatis-spring-boot-autoconfigure/1.3.1/mybatis-spring-boot-autoconfigure-1.3.1.jar:/Users/rainmaple/Downloads/source/mvn_repo/org/mybatis/mybatis/3.4.5/mybatis-3.4.5.jar:/Users/rainmaple/Downloads/source/mvn_repo/org/mybatis/mybatis-spring/1.3.1/mybatis-spring-1.3.1.jar:/Users/rainmaple/Downloads/source/mvn_repo/org/springframework/boot/spring-boot-starter-thymeleaf/2.0.1.RELEASE/spring-boot-starter-thymeleaf-2.0.1.RELEASE.jar:/Users/rainmaple/Downloads/source/mvn_repo/org/thymeleaf/thymeleaf-spring5/3.0.9.RELEASE/thymeleaf-spring5-3.0.9.RELEASE.jar:/Users/rainmaple/Downloads/source/mvn_repo/org/thymeleaf/thymeleaf/3.0.9.RELEASE/thymeleaf-3.0.9.RELEASE.jar:/Users/rainmaple/Downloads/source/mvn_repo/org/attoparser/attoparser/2.0.4.RELEASE/attoparser-2.0.4.RELEASE.jar:/Users/rainmaple/Downloads/source/mvn_repo/org/unbescape/unbescape/1.1.5.RELEASE/unbescape-1.1.5.RELEASE.jar:/Users/rainmaple/Downloads/source/mvn_repo/org/thymeleaf/extras/thymeleaf-extras-java8time/3.0.1.RELEASE/thymeleaf-extras-java8time-3.0.1.RELEASE.jar:/Users/rainmaple/Downloads/source/mvn_repo/mysql/mysql-connector-java/5.1.46/mysql-connector-java-5.1.46.jar:/Users/rainmaple/Downloads/source/mvn_repo/org/springframework/boot/spring-boot-starter-test/2.0.1.RELEASE/spring-boot-starter-test-2.0.1.RELEASE.jar:/Users/rainmaple/Downloads/source/mvn_repo/org/springframework/boot/spring-boot-test/2.0.1.RELEASE/spring-boot-test-2.0.1.RELEASE.jar:/Users/rainmaple/Downloads/source/mvn_repo/org/springframework/boot/spring-boot-test-autoconfigure/2.0.1.RELEASE/spring-boot-test-autoconfigure-2.0.1.RELEASE.jar:/Users/rainmaple/Downloads/source/mvn_repo/com/jayway/jsonpath/json-path/2.4.0/json-path-2.4.0.jar:/Users/rainmaple/Downloads/source/mvn_repo/net/minidev/json-smart/2.3/json-smart-2.3.jar:/Users/rainmaple/Downloads/source/mvn_repo/net/minidev/accessors-smart/1.2/accessors-smart-1.2.jar:/Users/rainmaple/Downloads/source/mvn_repo/org/ow2/asm/asm/5.0.4/asm-5.0.4.jar:/Users/rainmaple/Downloads/source/mvn_repo/junit/junit/4.12/junit-4.12.jar:/Users/rainmaple/Downloads/source/mvn_repo/org/assertj/assertj-core/3.9.1/assertj-core-3.9.1.jar:/Users/rainmaple/Downloads/source/mvn_repo/org/mockito/mockito-core/2.15.0/mockito-core-2.15.0.jar:/Users/rainmaple/Downloads/source/mvn_repo/net/bytebuddy/byte-buddy/1.7.11/byte-buddy-1.7.11.jar:/Users/rainmaple/Downloads/source/mvn_repo/net/bytebuddy/byte-buddy-agent/1.7.11/byte-buddy-agent-1.7.11.jar:/Users/rainmaple/Downloads/source/mvn_repo/org/objenesis/objenesis/2.6/objenesis-2.6.jar:/Users/rainmaple/Downloads/source/mvn_repo/org/hamcrest/hamcrest-core/1.3/hamcrest-core-1.3.jar:/Users/rainmaple/Downloads/source/mvn_repo/org/hamcrest/hamcrest-library/1.3/hamcrest-library-1.3.jar:/Users/rainmaple/Downloads/source/mvn_repo/org/skyscreamer/jsonassert/1.5.0/jsonassert-1.5.0.jar:/Users/rainmaple/Downloads/source/mvn_repo/com/vaadin/external/google/android-json/0.0.20131108.vaadin1/android-json-0.0.20131108.vaadin1.jar:/Users/rainmaple/Downloads/source/mvn_repo/org/springframework/spring-core/5.0.5.RELEASE/spring-core-5.0.5.RELEASE.jar:/Users/rainmaple/Downloads/source/mvn_repo/org/springframework/spring-jcl/5.0.5.RELEASE/spring-jcl-5.0.5.RELEASE.jar:/Users/rainmaple/Downloads/source/mvn_repo/org/springframework/spring-test/5.0.5.RELEASE/spring-test-5.0.5.RELEASE.jar:/Users/rainmaple/Downloads/source/mvn_repo/org/xmlunit/xmlunit-core/2.5.1/xmlunit-core-2.5.1.jar:"/>
    <property name="java.vm.vendor" value="Oracle Corporation"/>
    <property name="sun.arch.data.model" value="64"/>
    <property name="java.vendor.url" value="http://java.oracle.com/"/>
    <property name="user.timezone" value=""/>
    <property name="java.vm.specification.version" value="1.8"/>
    <property name="os.name" value="Mac OS X"/>
    <property name="user.country" value="CN"/>
    <property name="sun.java.launcher" value="SUN_STANDARD"/>
    <property name="sun.boot.library.path" value="/Library/Java/JavaVirtualMachines/jdk1.8.0_181.jdk/Contents/Home/jre/lib"/>
    <property name="sun.java.command" value="/Users/rainmaple/codeFiles/tsbm-web/target/surefire/surefirebooter7008443028940990417.jar /Users/rainmaple/codeFiles/tsbm-web/target/surefire 2019-10-08T23-33-08_957-jvmRun1 surefire234236567234420378tmp surefire_02638333676965318428tmp"/>
    <property name="surefire.test.class.path" value="/Users/rainmaple/codeFiles/tsbm-web/target/test-classes:/Users/rainmaple/codeFiles/tsbm-web/target/classes:/Users/rainmaple/Downloads/source/mvn_repo/cn/edu/ruc/tsbm/0.0.1/tsbm-0.0.1.jar:/Users/rainmaple/Downloads/source/mvn_repo/org/apache/commons/commons-lang3/3.7/commons-lang3-3.7.jar:/Users/rainmaple/Downloads/source/mvn_repo/commons-beanutils/commons-beanutils/1.9.3/commons-beanutils-1.9.3.jar:/Users/rainmaple/Downloads/source/mvn_repo/commons-logging/commons-logging/1.2/commons-logging-1.2.jar:/Users/rainmaple/Downloads/source/mvn_repo/commons-collections/commons-collections/3.2.2/commons-collections-3.2.2.jar:/Users/rainmaple/Downloads/source/mvn_repo/com/alibaba/fastjson/1.2.31/fastjson-1.2.31.jar:/Users/rainmaple/Downloads/source/mvn_repo/commons-cli/commons-cli/1.4/commons-cli-1.4.jar:/Users/rainmaple/Downloads/source/mvn_repo/ch/qos/logback/logback-classic/1.2.3/logback-classic-1.2.3.jar:/Users/rainmaple/Downloads/source/mvn_repo/ch/qos/logback/logback-core/1.2.3/logback-core-1.2.3.jar:/Users/rainmaple/Downloads/source/mvn_repo/org/slf4j/slf4j-api/1.7.25/slf4j-api-1.7.25.jar:/Users/rainmaple/Downloads/source/mvn_repo/com/alibaba/druid/1.1.0/druid-1.1.0.jar:/Library/Java/JavaVirtualMachines/jdk1.8.0_181.jdk/Contents/Home/jre/../lib/jconsole.jar:/Library/Java/JavaVirtualMachines/jdk1.8.0_181.jdk/Contents/Home/jre/../lib/tools.jar:/Users/rainmaple/Downloads/source/mvn_repo/cn/edu/tsinghua/iotdb-jdbc/0.6.0/iotdb-jdbc-0.6.0.jar:/Users/rainmaple/Downloads/source/mvn_repo/cn/edu/tsinghua/tsfile/0.6.0/tsfile-0.6.0.jar:/Users/rainmaple/Downloads/source/mvn_repo/org/json/json/20140107/json-20140107.jar:/Users/rainmaple/Downloads/source/mvn_repo/org/apache/thrift/libthrift/0.9.1/libthrift-0.9.1.jar:/Users/rainmaple/Downloads/source/mvn_repo/org/xerial/snappy/snappy-java/1.0.5-M1/snappy-java-1.0.5-M1.jar:/Users/rainmaple/Downloads/source/mvn_repo/commons-io/commons-io/2.5/commons-io-2.5.jar:/Users/rainmaple/Downloads/source/mvn_repo/joda-time/joda-time/2.9.9/joda-time-2.9.9.jar:/Users/rainmaple/Downloads/source/mvn_repo/org/influxdb/influxdb-java/2.9/influxdb-java-2.9.jar:/Users/rainmaple/Downloads/source/mvn_repo/com/squareup/retrofit2/retrofit/2.3.0/retrofit-2.3.0.jar:/Users/rainmaple/Downloads/source/mvn_repo/com/squareup/retrofit2/converter-moshi/2.3.0/converter-moshi-2.3.0.jar:/Users/rainmaple/Downloads/source/mvn_repo/com/squareup/moshi/moshi/1.4.0/moshi-1.4.0.jar:/Users/rainmaple/Downloads/source/mvn_repo/com/squareup/okhttp3/okhttp/3.9.1/okhttp-3.9.1.jar:/Users/rainmaple/Downloads/source/mvn_repo/com/squareup/okio/okio/1.13.0/okio-1.13.0.jar:/Users/rainmaple/Downloads/source/mvn_repo/com/squareup/okhttp3/logging-interceptor/3.9.1/logging-interceptor-3.9.1.jar:/Users/rainmaple/Downloads/source/mvn_repo/com/github/kevinsawicki/http-request/6.0/http-request-6.0.jar:/Users/rainmaple/Downloads/source/mvn_repo/org/postgresql/postgresql/42.2.2/postgresql-42.2.2.jar:/Users/rainmaple/Downloads/source/mvn_repo/org/springframework/boot/spring-boot-starter-freemarker/2.0.1.RELEASE/spring-boot-starter-freemarker-2.0.1.RELEASE.jar:/Users/rainmaple/Downloads/source/mvn_repo/org/springframework/boot/spring-boot-starter/2.0.1.RELEASE/spring-boot-starter-2.0.1.RELEASE.jar:/Users/rainmaple/Downloads/source/mvn_repo/org/springframework/boot/spring-boot/2.0.1.RELEASE/spring-boot-2.0.1.RELEASE.jar:/Users/rainmaple/Downloads/source/mvn_repo/org/springframework/boot/spring-boot-autoconfigure/2.0.1.RELEASE/spring-boot-autoconfigure-2.0.1.RELEASE.jar:/Users/rainmaple/Downloads/source/mvn_repo/org/springframework/boot/spring-boot-starter-logging/2.0.1.RELEASE/spring-boot-starter-logging-2.0.1.RELEASE.jar:/Users/rainmaple/Downloads/source/mvn_repo/org/apache/logging/log4j/log4j-to-slf4j/2.10.0/log4j-to-slf4j-2.10.0.jar:/Users/rainmaple/Downloads/source/mvn_repo/org/apache/logging/log4j/log4j-api/2.10.0/log4j-api-2.10.0.jar:/Users/rainmaple/Downloads/source/mvn_repo/org/slf4j/jul-to-slf4j/1.7.25/jul-to-slf4j-1.7.25.jar:/Users/rainmaple/Downloads/source/mvn_repo/javax/annotation/javax.annotation-api/1.3.2/javax.annotation-api-1.3.2.jar:/Users/rainmaple/Downloads/source/mvn_repo/org/yaml/snakeyaml/1.19/snakeyaml-1.19.jar:/Users/rainmaple/Downloads/source/mvn_repo/org/freemarker/freemarker/2.3.28/freemarker-2.3.28.jar:/Users/rainmaple/Downloads/source/mvn_repo/org/springframework/spring-context-support/5.0.5.RELEASE/spring-context-support-5.0.5.RELEASE.jar:/Users/rainmaple/Downloads/source/mvn_repo/org/springframework/spring-beans/5.0.5.RELEASE/spring-beans-5.0.5.RELEASE.jar:/Users/rainmaple/Downloads/source/mvn_repo/org/springframework/spring-context/5.0.5.RELEASE/spring-context-5.0.5.RELEASE.jar:/Users/rainmaple/Downloads/source/mvn_repo/org/springframework/boot/spring-boot-starter-web/2.0.1.RELEASE/spring-boot-starter-web-2.0.1.RELEASE.jar:/Users/rainmaple/Downloads/source/mvn_repo/org/springframework/boot/spring-boot-starter-json/2.0.1.RELEASE/spring-boot-starter-json-2.0.1.RELEASE.jar:/Users/rainmaple/Downloads/source/mvn_repo/com/fasterxml/jackson/core/jackson-databind/2.9.5/jackson-databind-2.9.5.jar:/Users/rainmaple/Downloads/source/mvn_repo/com/fasterxml/jackson/core/jackson-annotations/2.9.0/jackson-annotations-2.9.0.jar:/Users/rainmaple/Downloads/source/mvn_repo/com/fasterxml/jackson/core/jackson-core/2.9.5/jackson-core-2.9.5.jar:/Users/rainmaple/Downloads/source/mvn_repo/com/fasterxml/jackson/datatype/jackson-datatype-jdk8/2.9.5/jackson-datatype-jdk8-2.9.5.jar:/Users/rainmaple/Downloads/source/mvn_repo/com/fasterxml/jackson/datatype/jackson-datatype-jsr310/2.9.5/jackson-datatype-jsr310-2.9.5.jar:/Users/rainmaple/Downloads/source/mvn_repo/com/fasterxml/jackson/module/jackson-module-parameter-names/2.9.5/jackson-module-parameter-names-2.9.5.jar:/Users/rainmaple/Downloads/source/mvn_repo/org/springframework/boot/spring-boot-starter-tomcat/2.0.1.RELEASE/spring-boot-starter-tomcat-2.0.1.RELEASE.jar:/Users/rainmaple/Downloads/source/mvn_repo/org/apache/tomcat/embed/tomcat-embed-core/8.5.29/tomcat-embed-core-8.5.29.jar:/Users/rainmaple/Downloads/source/mvn_repo/org/apache/tomcat/embed/tomcat-embed-el/8.5.29/tomcat-embed-el-8.5.29.jar:/Users/rainmaple/Downloads/source/mvn_repo/org/apache/tomcat/embed/tomcat-embed-websocket/8.5.29/tomcat-embed-websocket-8.5.29.jar:/Users/rainmaple/Downloads/source/mvn_repo/org/hibernate/validator/hibernate-validator/6.0.9.Final/hibernate-validator-6.0.9.Final.jar:/Users/rainmaple/Downloads/source/mvn_repo/javax/validation/validation-api/2.0.1.Final/validation-api-2.0.1.Final.jar:/Users/rainmaple/Downloads/source/mvn_repo/org/jboss/logging/jboss-logging/3.3.2.Final/jboss-logging-3.3.2.Final.jar:/Users/rainmaple/Downloads/source/mvn_repo/com/fasterxml/classmate/1.3.4/classmate-1.3.4.jar:/Users/rainmaple/Downloads/source/mvn_repo/org/springframework/spring-web/5.0.5.RELEASE/spring-web-5.0.5.RELEASE.jar:/Users/rainmaple/Downloads/source/mvn_repo/org/springframework/spring-webmvc/5.0.5.RELEASE/spring-webmvc-5.0.5.RELEASE.jar:/Users/rainmaple/Downloads/source/mvn_repo/org/springframework/spring-aop/5.0.5.RELEASE/spring-aop-5.0.5.RELEASE.jar:/Users/rainmaple/Downloads/source/mvn_repo/org/springframework/spring-expression/5.0.5.RELEASE/spring-expression-5.0.5.RELEASE.jar:/Users/rainmaple/Downloads/source/mvn_repo/org/mybatis/spring/boot/mybatis-spring-boot-starter/1.3.1/mybatis-spring-boot-starter-1.3.1.jar:/Users/rainmaple/Downloads/source/mvn_repo/org/springframework/boot/spring-boot-starter-jdbc/2.0.1.RELEASE/spring-boot-starter-jdbc-2.0.1.RELEASE.jar:/Users/rainmaple/Downloads/source/mvn_repo/com/zaxxer/HikariCP/2.7.8/HikariCP-2.7.8.jar:/Users/rainmaple/Downloads/source/mvn_repo/org/springframework/spring-jdbc/5.0.5.RELEASE/spring-jdbc-5.0.5.RELEASE.jar:/Users/rainmaple/Downloads/source/mvn_repo/org/springframework/spring-tx/5.0.5.RELEASE/spring-tx-5.0.5.RELEASE.jar:/Users/rainmaple/Downloads/source/mvn_repo/org/mybatis/spring/boot/mybatis-spring-boot-autoconfigure/1.3.1/mybatis-spring-boot-autoconfigure-1.3.1.jar:/Users/rainmaple/Downloads/source/mvn_repo/org/mybatis/mybatis/3.4.5/mybatis-3.4.5.jar:/Users/rainmaple/Downloads/source/mvn_repo/org/mybatis/mybatis-spring/1.3.1/mybatis-spring-1.3.1.jar:/Users/rainmaple/Downloads/source/mvn_repo/org/springframework/boot/spring-boot-starter-thymeleaf/2.0.1.RELEASE/spring-boot-starter-thymeleaf-2.0.1.RELEASE.jar:/Users/rainmaple/Downloads/source/mvn_repo/org/thymeleaf/thymeleaf-spring5/3.0.9.RELEASE/thymeleaf-spring5-3.0.9.RELEASE.jar:/Users/rainmaple/Downloads/source/mvn_repo/org/thymeleaf/thymeleaf/3.0.9.RELEASE/thymeleaf-3.0.9.RELEASE.jar:/Users/rainmaple/Downloads/source/mvn_repo/org/attoparser/attoparser/2.0.4.RELEASE/attoparser-2.0.4.RELEASE.jar:/Users/rainmaple/Downloads/source/mvn_repo/org/unbescape/unbescape/1.1.5.RELEASE/unbescape-1.1.5.RELEASE.jar:/Users/rainmaple/Downloads/source/mvn_repo/org/thymeleaf/extras/thymeleaf-extras-java8time/3.0.1.RELEASE/thymeleaf-extras-java8time-3.0.1.RELEASE.jar:/Users/rainmaple/Downloads/source/mvn_repo/mysql/mysql-connector-java/5.1.46/mysql-connector-java-5.1.46.jar:/Users/rainmaple/Downloads/source/mvn_repo/org/springframework/boot/spring-boot-starter-test/2.0.1.RELEASE/spring-boot-starter-test-2.0.1.RELEASE.jar:/Users/rainmaple/Downloads/source/mvn_repo/org/springframework/boot/spring-boot-test/2.0.1.RELEASE/spring-boot-test-2.0.1.RELEASE.jar:/Users/rainmaple/Downloads/source/mvn_repo/org/springframework/boot/spring-boot-test-autoconfigure/2.0.1.RELEASE/spring-boot-test-autoconfigure-2.0.1.RELEASE.jar:/Users/rainmaple/Downloads/source/mvn_repo/com/jayway/jsonpath/json-path/2.4.0/json-path-2.4.0.jar:/Users/rainmaple/Downloads/source/mvn_repo/net/minidev/json-smart/2.3/json-smart-2.3.jar:/Users/rainmaple/Downloads/source/mvn_repo/net/minidev/accessors-smart/1.2/accessors-smart-1.2.jar:/Users/rainmaple/Downloads/source/mvn_repo/org/ow2/asm/asm/5.0.4/asm-5.0.4.jar:/Users/rainmaple/Downloads/source/mvn_repo/junit/junit/4.12/junit-4.12.jar:/Users/rainmaple/Downloads/source/mvn_repo/org/assertj/assertj-core/3.9.1/assertj-core-3.9.1.jar:/Users/rainmaple/Downloads/source/mvn_repo/org/mockito/mockito-core/2.15.0/mockito-core-2.15.0.jar:/Users/rainmaple/Downloads/source/mvn_repo/net/bytebuddy/byte-buddy/1.7.11/byte-buddy-1.7.11.jar:/Users/rainmaple/Downloads/source/mvn_repo/net/bytebuddy/byte-buddy-agent/1.7.11/byte-buddy-agent-1.7.11.jar:/Users/rainmaple/Downloads/source/mvn_repo/org/objenesis/objenesis/2.6/objenesis-2.6.jar:/Users/rainmaple/Downloads/source/mvn_repo/org/hamcrest/hamcrest-core/1.3/hamcrest-core-1.3.jar:/Users/rainmaple/Downloads/source/mvn_repo/org/hamcrest/hamcrest-library/1.3/hamcrest-library-1.3.jar:/Users/rainmaple/Downloads/source/mvn_repo/org/skyscreamer/jsonassert/1.5.0/jsonassert-1.5.0.jar:/Users/rainmaple/Downloads/source/mvn_repo/com/vaadin/external/google/android-json/0.0.20131108.vaadin1/android-json-0.0.20131108.vaadin1.jar:/Users/rainmaple/Downloads/source/mvn_repo/org/springframework/spring-core/5.0.5.RELEASE/spring-core-5.0.5.RELEASE.jar:/Users/rainmaple/Downloads/source/mvn_repo/org/springframework/spring-jcl/5.0.5.RELEASE/spring-jcl-5.0.5.RELEASE.jar:/Users/rainmaple/Downloads/source/mvn_repo/org/springframework/spring-test/5.0.5.RELEASE/spring-test-5.0.5.RELEASE.jar:/Users/rainmaple/Downloads/source/mvn_repo/org/xmlunit/xmlunit-core/2.5.1/xmlunit-core-2.5.1.jar:"/>
    <property name="sun.cpu.endian" value="little"/>
    <property name="user.home" value="/Users/rainmaple"/>
    <property name="user.language" value="zh"/>
    <property name="java.specification.vendor" value="Oracle Corporation"/>
    <property name="java.home" value="/Library/Java/JavaVirtualMachines/jdk1.8.0_181.jdk/Contents/Home/jre"/>
    <property name="basedir" value="/Users/rainmaple/codeFiles/tsbm-web"/>
    <property name="file.separator" value="/"/>
    <property name="line.separator" value="&#10;"/>
    <property name="java.vm.specification.vendor" value="Oracle Corporation"/>
    <property name="java.specification.name" value="Java Platform API Specification"/>
    <property name="java.awt.graphicsenv" value="sun.awt.CGraphicsEnvironment"/>
    <property name="surefire.real.class.path" value="/Users/rainmaple/codeFiles/tsbm-web/target/surefire/surefirebooter7008443028940990417.jar"/>
    <property name="sun.boot.class.path" value="/Library/Java/JavaVirtualMachines/jdk1.8.0_181.jdk/Contents/Home/jre/lib/resources.jar:/Library/Java/JavaVirtualMachines/jdk1.8.0_181.jdk/Contents/Home/jre/lib/rt.jar:/Library/Java/JavaVirtualMachines/jdk1.8.0_181.jdk/Contents/Home/jre/lib/sunrsasign.jar:/Library/Java/JavaVirtualMachines/jdk1.8.0_181.jdk/Contents/Home/jre/lib/jsse.jar:/Library/Java/JavaVirtualMachines/jdk1.8.0_181.jdk/Contents/Home/jre/lib/jce.jar:/Library/Java/JavaVirtualMachines/jdk1.8.0_181.jdk/Contents/Home/jre/lib/charsets.jar:/Library/Java/JavaVirtualMachines/jdk1.8.0_181.jdk/Contents/Home/jre/lib/jfr.jar:/Library/Java/JavaVirtualMachines/jdk1.8.0_181.jdk/Contents/Home/jre/classes"/>
    <property name="sun.management.compiler" value="HotSpot 64-Bit Tiered Compilers"/>
    <property name="java.runtime.version" value="1.8.0_181-b13"/>
    <property name="user.name" value="rainmaple"/>
    <property name="path.separator" value=":"/>
    <property name="os.version" value="10.14.6"/>
    <property name="java.endorsed.dirs" value="/Library/Java/JavaVirtualMachines/jdk1.8.0_181.jdk/Contents/Home/jre/lib/endorsed"/>
    <property name="java.runtime.name" value="Java(TM) SE Runtime Environment"/>
    <property name="file.encoding" value="UTF-8"/>
    <property name="java.vm.name" value="Java HotSpot(TM) 64-Bit Server VM"/>
    <property name="localRepository" value="/Users/rainmaple/Downloads/source/mvn_repo"/>
    <property name="java.vendor.url.bug" value="http://bugreport.sun.com/bugreport/"/>
    <property name="java.io.tmpdir" value="/var/folders/jq/8_xw_cs525g47ghcvz9z_zv80000gn/T/"/>
    <property name="idea.version" value="2018.2.1"/>
    <property name="java.version" value="1.8.0_181"/>
    <property name="user.dir" value="/Users/rainmaple/codeFiles/tsbm-web"/>
    <property name="os.arch" value="x86_64"/>
    <property name="java.vm.specification.name" value="Java Virtual Machine Specification"/>
    <property name="java.awt.printerjob" value="sun.lwawt.macosx.CPrinterJob"/>
    <property name="sun.os.patch.level" value="unknown"/>
    <property name="java.library.path" value="/Users/rainmaple/Library/Java/Extensions:/Library/Java/Extensions:/Network/Library/Java/Extensions:/System/Library/Java/Extensions:/usr/lib/java:."/>
    <property name="java.vm.info" value="mixed mode"/>
    <property name="java.vendor" value="Oracle Corporation"/>
    <property name="java.vm.version" value="25.181-b13"/>
    <property name="java.ext.dirs" value="/Users/rainmaple/Library/Java/Extensions:/Library/Java/JavaVirtualMachines/jdk1.8.0_181.jdk/Contents/Home/jre/lib/ext:/Library/Java/Extensions:/Network/Library/Java/Extensions:/System/Library/Java/Extensions:/usr/lib/java"/>
    <property name="sun.io.unicode.encoding" value="UnicodeBig"/>
    <property name="maven.repo.local" value="/Users/rainmaple/Downloads/source/mvn_repo"/>
    <property name="java.class.version" value="52.0"/>
  </properties>
  <testcase name="contextLoads" classname="cn.edu.ruc.TsbmWebApplicationTests" time="0.061"/>
</testsuite>